{"C:\\Users\\elies\\Documents\\mspr\\PayeTonKawaClients\\controllers\\clientsController.js": {"path":"C:\\Users\\elies\\Documents\\mspr\\PayeTonKawaClients\\controllers\\clientsController.js","statementMap":{"0":{"start":{"line":1,"column":23},"end":{"line":1,"column":60}},"1":{"start":{"line":2,"column":17},"end":{"line":2,"column":55}},"2":{"start":{"line":3,"column":12},"end":{"line":3,"column":35}},"3":{"start":{"line":5,"column":0},"end":{"line":19,"column":2}},"4":{"start":{"line":6,"column":2},"end":{"line":18,"column":3}},"5":{"start":{"line":7,"column":19},"end":{"line":7,"column":70}},"6":{"start":{"line":8,"column":4},"end":{"line":13,"column":5}},"7":{"start":{"line":9,"column":6},"end":{"line":12,"column":9}},"8":{"start":{"line":14,"column":4},"end":{"line":14,"column":46}},"9":{"start":{"line":16,"column":4},"end":{"line":16,"column":36}},"10":{"start":{"line":17,"column":4},"end":{"line":17,"column":72}},"11":{"start":{"line":21,"column":0},"end":{"line":37,"column":2}},"12":{"start":{"line":22,"column":2},"end":{"line":36,"column":3}},"13":{"start":{"line":23,"column":20},"end":{"line":23,"column":56}},"14":{"start":{"line":25,"column":4},"end":{"line":29,"column":7}},"15":{"start":{"line":31,"column":4},"end":{"line":31,"column":36}},"16":{"start":{"line":32,"column":4},"end":{"line":35,"column":7}},"17":{"start":{"line":39,"column":0},"end":{"line":75,"column":2}},"18":{"start":{"line":40,"column":2},"end":{"line":74,"column":3}},"19":{"start":{"line":41,"column":68},"end":{"line":41,"column":76}},"20":{"start":{"line":43,"column":4},"end":{"line":48,"column":5}},"21":{"start":{"line":44,"column":6},"end":{"line":47,"column":9}},"22":{"start":{"line":50,"column":25},"end":{"line":50,"column":26}},"23":{"start":{"line":52,"column":26},"end":{"line":59,"column":6}},"24":{"start":{"line":61,"column":4},"end":{"line":61,"column":55}},"25":{"start":{"line":63,"column":4},"end":{"line":67,"column":7}},"26":{"start":{"line":69,"column":4},"end":{"line":69,"column":36}},"27":{"start":{"line":70,"column":4},"end":{"line":73,"column":7}},"28":{"start":{"line":77,"column":0},"end":{"line":111,"column":2}},"29":{"start":{"line":78,"column":2},"end":{"line":110,"column":3}},"30":{"start":{"line":79,"column":21},"end":{"line":79,"column":31}},"31":{"start":{"line":80,"column":43},"end":{"line":80,"column":51}},"32":{"start":{"line":82,"column":27},"end":{"line":82,"column":67}},"33":{"start":{"line":84,"column":4},"end":{"line":89,"column":5}},"34":{"start":{"line":85,"column":6},"end":{"line":88,"column":9}},"35":{"start":{"line":91,"column":27},"end":{"line":95,"column":6}},"36":{"start":{"line":97,"column":4},"end":{"line":97,"column":56}},"37":{"start":{"line":99,"column":4},"end":{"line":103,"column":7}},"38":{"start":{"line":105,"column":4},"end":{"line":105,"column":36}},"39":{"start":{"line":106,"column":4},"end":{"line":109,"column":7}},"40":{"start":{"line":113,"column":0},"end":{"line":140,"column":2}},"41":{"start":{"line":114,"column":2},"end":{"line":139,"column":3}},"42":{"start":{"line":115,"column":21},"end":{"line":115,"column":31}},"43":{"start":{"line":117,"column":27},"end":{"line":117,"column":67}},"44":{"start":{"line":118,"column":4},"end":{"line":123,"column":5}},"45":{"start":{"line":119,"column":6},"end":{"line":122,"column":9}},"46":{"start":{"line":125,"column":4},"end":{"line":125,"column":44}},"47":{"start":{"line":127,"column":4},"end":{"line":127,"column":46}},"48":{"start":{"line":129,"column":4},"end":{"line":132,"column":7}},"49":{"start":{"line":134,"column":4},"end":{"line":134,"column":36}},"50":{"start":{"line":135,"column":4},"end":{"line":138,"column":7}},"51":{"start":{"line":142,"column":0},"end":{"line":187,"column":2}},"52":{"start":{"line":143,"column":2},"end":{"line":186,"column":3}},"53":{"start":{"line":144,"column":35},"end":{"line":144,"column":43}},"54":{"start":{"line":146,"column":4},"end":{"line":151,"column":5}},"55":{"start":{"line":147,"column":6},"end":{"line":150,"column":9}},"56":{"start":{"line":153,"column":21},"end":{"line":153,"column":80}},"57":{"start":{"line":155,"column":4},"end":{"line":160,"column":5}},"58":{"start":{"line":156,"column":6},"end":{"line":159,"column":9}},"59":{"start":{"line":162,"column":23},"end":{"line":162,"column":31}},"60":{"start":{"line":164,"column":20},"end":{"line":168,"column":9}},"61":{"start":{"line":170,"column":18},"end":{"line":172,"column":6}},"62":{"start":{"line":174,"column":4},"end":{"line":179,"column":7}},"63":{"start":{"line":181,"column":4},"end":{"line":181,"column":36}},"64":{"start":{"line":182,"column":4},"end":{"line":185,"column":7}}},"fnMap":{"0":{"name":"(anonymous_0)","decl":{"start":{"line":5,"column":19},"end":{"line":5,"column":20}},"loc":{"start":{"line":5,"column":39},"end":{"line":19,"column":1}},"line":5},"1":{"name":"(anonymous_1)","decl":{"start":{"line":21,"column":22},"end":{"line":21,"column":23}},"loc":{"start":{"line":21,"column":42},"end":{"line":37,"column":1}},"line":21},"2":{"name":"(anonymous_2)","decl":{"start":{"line":39,"column":18},"end":{"line":39,"column":19}},"loc":{"start":{"line":39,"column":38},"end":{"line":75,"column":1}},"line":39},"3":{"name":"(anonymous_3)","decl":{"start":{"line":77,"column":19},"end":{"line":77,"column":20}},"loc":{"start":{"line":77,"column":39},"end":{"line":111,"column":1}},"line":77},"4":{"name":"(anonymous_4)","decl":{"start":{"line":113,"column":20},"end":{"line":113,"column":21}},"loc":{"start":{"line":113,"column":40},"end":{"line":140,"column":1}},"line":113},"5":{"name":"(anonymous_5)","decl":{"start":{"line":142,"column":29},"end":{"line":142,"column":30}},"loc":{"start":{"line":142,"column":49},"end":{"line":187,"column":1}},"line":142}},"branchMap":{"0":{"loc":{"start":{"line":8,"column":4},"end":{"line":13,"column":5}},"type":"if","locations":[{"start":{"line":8,"column":4},"end":{"line":13,"column":5}},{"start":{},"end":{}}],"line":8},"1":{"loc":{"start":{"line":43,"column":4},"end":{"line":48,"column":5}},"type":"if","locations":[{"start":{"line":43,"column":4},"end":{"line":48,"column":5}},{"start":{},"end":{}}],"line":43},"2":{"loc":{"start":{"line":43,"column":8},"end":{"line":43,"column":30}},"type":"binary-expr","locations":[{"start":{"line":43,"column":8},"end":{"line":43,"column":15}},{"start":{"line":43,"column":19},"end":{"line":43,"column":30}}],"line":43},"3":{"loc":{"start":{"line":84,"column":4},"end":{"line":89,"column":5}},"type":"if","locations":[{"start":{"line":84,"column":4},"end":{"line":89,"column":5}},{"start":{},"end":{}}],"line":84},"4":{"loc":{"start":{"line":118,"column":4},"end":{"line":123,"column":5}},"type":"if","locations":[{"start":{"line":118,"column":4},"end":{"line":123,"column":5}},{"start":{},"end":{}}],"line":118},"5":{"loc":{"start":{"line":146,"column":4},"end":{"line":151,"column":5}},"type":"if","locations":[{"start":{"line":146,"column":4},"end":{"line":151,"column":5}},{"start":{},"end":{}}],"line":146},"6":{"loc":{"start":{"line":146,"column":8},"end":{"line":146,"column":30}},"type":"binary-expr","locations":[{"start":{"line":146,"column":8},"end":{"line":146,"column":15}},{"start":{"line":146,"column":19},"end":{"line":146,"column":30}}],"line":146},"7":{"loc":{"start":{"line":155,"column":4},"end":{"line":160,"column":5}},"type":"if","locations":[{"start":{"line":155,"column":4},"end":{"line":160,"column":5}},{"start":{},"end":{}}],"line":155}},"s":{"0":6,"1":6,"2":6,"3":6,"4":3,"5":3,"6":2,"7":1,"8":1,"9":1,"10":1,"11":6,"12":3,"13":3,"14":2,"15":1,"16":1,"17":6,"18":3,"19":3,"20":3,"21":1,"22":2,"23":2,"24":1,"25":1,"26":1,"27":1,"28":6,"29":4,"30":4,"31":4,"32":4,"33":3,"34":1,"35":2,"36":1,"37":1,"38":2,"39":2,"40":6,"41":4,"42":4,"43":4,"44":3,"45":1,"46":2,"47":1,"48":1,"49":2,"50":2,"51":6,"52":4,"53":4,"54":4,"55":1,"56":3,"57":2,"58":1,"59":1,"60":1,"61":1,"62":1,"63":1,"64":1},"f":{"0":3,"1":3,"2":3,"3":4,"4":4,"5":4},"b":{"0":[1,1],"1":[1,2],"2":[3,3],"3":[1,2],"4":[1,2],"5":[1,3],"6":[4,4],"7":[1,1]},"_coverageSchema":"1a1c01bbd47fc00a2c39e90264f33305004495a9","hash":"0b974efe92348964d14635ec3cc5ddc7dfe04e54"}
}
