TN:
SF:controllers\clientsController.js
FN:5,(anonymous_0)
FN:21,(anonymous_1)
FN:39,(anonymous_2)
FN:77,(anonymous_3)
FN:113,(anonymous_4)
FN:142,(anonymous_5)
FNF:6
FNH:6
FNDA:3,(anonymous_0)
FNDA:3,(anonymous_1)
FNDA:3,(anonymous_2)
FNDA:4,(anonymous_3)
FNDA:4,(anonymous_4)
FNDA:4,(anonymous_5)
DA:1,6
DA:2,6
DA:3,6
DA:5,6
DA:6,3
DA:7,3
DA:8,2
DA:9,1
DA:14,1
DA:16,1
DA:17,1
DA:21,6
DA:22,3
DA:23,3
DA:25,2
DA:31,1
DA:32,1
DA:39,6
DA:40,3
DA:41,3
DA:43,3
DA:44,1
DA:50,2
DA:52,2
DA:61,1
DA:63,1
DA:69,1
DA:70,1
DA:77,6
DA:78,4
DA:79,4
DA:80,4
DA:82,4
DA:84,3
DA:85,1
DA:91,2
DA:97,1
DA:99,1
DA:105,2
DA:106,2
DA:113,6
DA:114,4
DA:115,4
DA:117,4
DA:118,3
DA:119,1
DA:125,2
DA:127,1
DA:129,1
DA:134,2
DA:135,2
DA:142,6
DA:143,4
DA:144,4
DA:146,4
DA:147,1
DA:153,3
DA:155,2
DA:156,1
DA:162,1
DA:164,1
DA:170,1
DA:174,1
DA:181,1
DA:182,1
LF:65
LH:65
BRDA:8,0,0,1
BRDA:8,0,1,1
BRDA:43,1,0,1
BRDA:43,1,1,2
BRDA:43,2,0,3
BRDA:43,2,1,3
BRDA:84,3,0,1
BRDA:84,3,1,2
BRDA:118,4,0,1
BRDA:118,4,1,2
BRDA:146,5,0,1
BRDA:146,5,1,3
BRDA:146,6,0,4
BRDA:146,6,1,4
BRDA:155,7,0,1
BRDA:155,7,1,1
BRF:16
BRH:16
end_of_record
